<?xml version="1.0" encoding="UTF-8"?><testrun name="SomeAppTest" project="mockito_practice" tests="1" started="1" failures="0" errors="1" ignored="0">
  <testsuite name="com.practicemock.mockito.SomeAppTest" time="0.0" displayname="SomeAppTest" uniqueid="[engine:junit-vintage]/[runner:com.practicemock.mockito.SomeAppTest]">
    <testcase name="com.practicemock.mockito.SomeAppTest" classname="com.practicemock.mockito.SomeAppTest" time="0.0" displayname="initializationError" uniqueid="[engine:junit-vintage]/[runner:com.practicemock.mockito.SomeAppTest]/[test:initializationError(com.practicemock.mockito.SomeAppTest)]">
      <error>java.lang.TypeNotPresentException: Type MockitoJUnitRunner not present&#13;
	at sun.reflect.annotation.TypeNotPresentExceptionProxy.generateException(TypeNotPresentExceptionProxy.java:46)&#13;
	at sun.reflect.annotation.AnnotationInvocationHandler.invoke(AnnotationInvocationHandler.java:84)&#13;
	at com.sun.proxy.$Proxy7.value(Unknown Source)&#13;
	at org.junit.internal.builders.AnnotatedBuilder.runnerForClass(AnnotatedBuilder.java:86)&#13;
	at org.junit.runners.model.RunnerBuilder.safeRunnerForClass(RunnerBuilder.java:70)&#13;
	at org.junit.internal.builders.AllDefaultPossibilitiesBuilder.runnerForClass(AllDefaultPossibilitiesBuilder.java:37)&#13;
	at org.junit.vintage.engine.discovery.DefensiveAllDefaultPossibilitiesBuilder.runnerForClass(DefensiveAllDefaultPossibilitiesBuilder.java:57)&#13;
	at org.junit.runners.model.RunnerBuilder.safeRunnerForClass(RunnerBuilder.java:70)&#13;
	at org.junit.vintage.engine.discovery.ClassSelectorResolver.resolveTestClass(ClassSelectorResolver.java:66)&#13;
	at org.junit.vintage.engine.discovery.ClassSelectorResolver.resolve(ClassSelectorResolver.java:47)&#13;
	at org.junit.platform.engine.support.discovery.EngineDiscoveryRequestResolution.lambda$resolve$2(EngineDiscoveryRequestResolution.java:134)&#13;
	at java.util.stream.ReferencePipeline$3$1.accept(ReferencePipeline.java:193)&#13;
	at java.util.ArrayList$ArrayListSpliterator.tryAdvance(ArrayList.java:1361)&#13;
	at java.util.stream.ReferencePipeline.forEachWithCancel(ReferencePipeline.java:126)&#13;
	at java.util.stream.AbstractPipeline.copyIntoWithCancel(AbstractPipeline.java:499)&#13;
	at java.util.stream.AbstractPipeline.copyInto(AbstractPipeline.java:486)&#13;
	at java.util.stream.AbstractPipeline.wrapAndCopyInto(AbstractPipeline.java:472)&#13;
	at java.util.stream.FindOps$FindOp.evaluateSequential(FindOps.java:152)&#13;
	at java.util.stream.AbstractPipeline.evaluate(AbstractPipeline.java:234)&#13;
	at java.util.stream.ReferencePipeline.findFirst(ReferencePipeline.java:464)&#13;
	at org.junit.platform.engine.support.discovery.EngineDiscoveryRequestResolution.resolve(EngineDiscoveryRequestResolution.java:185)&#13;
	at org.junit.platform.engine.support.discovery.EngineDiscoveryRequestResolution.resolve(EngineDiscoveryRequestResolution.java:125)&#13;
	at org.junit.platform.engine.support.discovery.EngineDiscoveryRequestResolution.resolveCompletely(EngineDiscoveryRequestResolution.java:91)&#13;
	at org.junit.platform.engine.support.discovery.EngineDiscoveryRequestResolution.run(EngineDiscoveryRequestResolution.java:82)&#13;
	at org.junit.platform.engine.support.discovery.EngineDiscoveryRequestResolver.resolve(EngineDiscoveryRequestResolver.java:113)&#13;
	at org.junit.vintage.engine.discovery.VintageDiscoverer.discover(VintageDiscoverer.java:44)&#13;
	at org.junit.vintage.engine.VintageTestEngine.discover(VintageTestEngine.java:63)&#13;
	at org.junit.platform.launcher.core.DefaultLauncher.discoverEngineRoot(DefaultLauncher.java:181)&#13;
	at org.junit.platform.launcher.core.DefaultLauncher.discoverRoot(DefaultLauncher.java:168)&#13;
	at org.junit.platform.launcher.core.DefaultLauncher.discover(DefaultLauncher.java:124)&#13;
	at org.eclipse.jdt.internal.junit5.runner.JUnit5TestReference.&lt;init&gt;(JUnit5TestReference.java:46)&#13;
	at org.eclipse.jdt.internal.junit5.runner.JUnit5TestLoader.createUnfilteredTest(JUnit5TestLoader.java:76)&#13;
	at org.eclipse.jdt.internal.junit5.runner.JUnit5TestLoader.createTest(JUnit5TestLoader.java:66)&#13;
	at org.eclipse.jdt.internal.junit5.runner.JUnit5TestLoader.loadTests(JUnit5TestLoader.java:53)&#13;
	at org.eclipse.jdt.internal.junit.runner.RemoteTestRunner.runTests(RemoteTestRunner.java:526)&#13;
	at org.eclipse.jdt.internal.junit.runner.RemoteTestRunner.runTests(RemoteTestRunner.java:770)&#13;
	at org.eclipse.jdt.internal.junit.runner.RemoteTestRunner.run(RemoteTestRunner.java:464)&#13;
	at org.eclipse.jdt.internal.junit.runner.RemoteTestRunner.main(RemoteTestRunner.java:210)&#13;
Caused by: java.lang.ClassNotFoundException: MockitoJUnitRunner&#13;
	at java.net.URLClassLoader.findClass(URLClassLoader.java:382)&#13;
	at java.lang.ClassLoader.loadClass(ClassLoader.java:418)&#13;
	at sun.misc.Launcher$AppClassLoader.loadClass(Launcher.java:355)&#13;
	at java.lang.ClassLoader.loadClass(ClassLoader.java:351)&#13;
	at java.lang.Class.forName0(Native Method)&#13;
	at java.lang.Class.forName(Class.java:348)&#13;
	at sun.reflect.generics.factory.CoreReflectionFactory.makeNamedType(CoreReflectionFactory.java:114)&#13;
	at sun.reflect.generics.visitor.Reifier.visitClassTypeSignature(Reifier.java:125)&#13;
	at sun.reflect.generics.tree.ClassTypeSignature.accept(ClassTypeSignature.java:49)&#13;
	at sun.reflect.annotation.AnnotationParser.parseSig(AnnotationParser.java:439)&#13;
	at sun.reflect.annotation.AnnotationParser.parseClassValue(AnnotationParser.java:420)&#13;
	at sun.reflect.annotation.AnnotationParser.parseMemberValue(AnnotationParser.java:349)&#13;
	at sun.reflect.annotation.AnnotationParser.parseAnnotation2(AnnotationParser.java:286)&#13;
	at sun.reflect.annotation.AnnotationParser.parseAnnotations2(AnnotationParser.java:120)&#13;
	at sun.reflect.annotation.AnnotationParser.parseAnnotations(AnnotationParser.java:72)&#13;
	at java.lang.Class.createAnnotationData(Class.java:3521)&#13;
	at java.lang.Class.annotationData(Class.java:3510)&#13;
	at java.lang.Class.getAnnotation(Class.java:3415)&#13;
	at org.junit.internal.builders.AnnotatedBuilder.runnerForClass(AnnotatedBuilder.java:84)&#13;
	... 34 more&#13;
&#13;
</error>
    </testcase>
  </testsuite>
</testrun>
