<?xml version="1.0" encoding="UTF-8"?>
<testsuite xmlns:xsi="http://www.w3.org/2001/XMLSchema-instance" xsi:noNamespaceSchemaLocation="https://maven.apache.org/surefire/maven-surefire-plugin/xsd/surefire-test-report.xsd" name="com.app.service2.impl.test.AppServiceImplTest" time="0.002" tests="5" errors="0" skipped="0" failures="0">
  <properties>
[...]
</properties>
  <testcase name="testIsValidPrimeNumberForFalse" classname="com.app.service2.impl.test.AppServiceImplTest" time="0"/>
  <testcase name="testIsValidPrimeNumberForNegativeNumber" classname="com.app.service2.impl.test.AppServiceImplTest" time="0"/>
  <testcase name="testIsValidPrimeNumberForTrue" classname="com.app.service2.impl.test.AppServiceImplTest" time="0"/>
  <testcase name="testIsValidMobileNumberForException" classname="com.app.service2.impl.test.AppServiceImplTest" time="0"/>
  <testcase name="testIsValidMobileNumberForTrue" classname="com.app.service2.impl.test.AppServiceImplTest" time="0"/>
</testsuite>